mode: set
praktikum/controllers/book-controller.go:24.64,28.2 1 1
praktikum/controllers/book-controller.go:30.55,31.38 1 1
praktikum/controllers/book-controller.go:31.38,38.3 2 1
praktikum/controllers/book-controller.go:41.57,42.38 1 1
praktikum/controllers/book-controller.go:42.38,49.20 4 1
praktikum/controllers/book-controller.go:49.20,51.4 1 1
praktikum/controllers/book-controller.go:53.3,57.5 1 1
praktikum/controllers/book-controller.go:61.54,62.38 1 1
praktikum/controllers/book-controller.go:62.38,66.40 2 1
praktikum/controllers/book-controller.go:66.40,68.4 1 1
praktikum/controllers/book-controller.go:70.3,74.5 1 1
praktikum/controllers/book-controller.go:78.55,79.38 1 1
praktikum/controllers/book-controller.go:79.38,82.40 2 1
praktikum/controllers/book-controller.go:82.40,84.4 1 1
praktikum/controllers/book-controller.go:86.3,92.14 4 1
praktikum/controllers/book-controller.go:92.14,94.4 1 1
praktikum/controllers/book-controller.go:96.3,96.72 1 1
praktikum/controllers/book-controller.go:100.57,101.38 1 1
praktikum/controllers/book-controller.go:101.38,104.38 2 1
praktikum/controllers/book-controller.go:104.38,106.4 1 1
praktikum/controllers/book-controller.go:108.3,110.14 2 1
praktikum/controllers/book-controller.go:110.14,112.4 1 1
praktikum/controllers/book-controller.go:114.3,114.72 1 1
praktikum/controllers/user-controller.go:26.64,30.2 1 1
praktikum/controllers/user-controller.go:32.55,33.36 1 1
praktikum/controllers/user-controller.go:33.36,40.3 2 1
praktikum/controllers/user-controller.go:43.57,44.38 1 1
praktikum/controllers/user-controller.go:44.38,51.20 4 1
praktikum/controllers/user-controller.go:51.20,53.4 1 1
praktikum/controllers/user-controller.go:55.3,59.5 1 1
praktikum/controllers/user-controller.go:63.54,64.38 1 1
praktikum/controllers/user-controller.go:64.38,68.40 2 1
praktikum/controllers/user-controller.go:68.40,70.4 1 1
praktikum/controllers/user-controller.go:72.3,76.5 1 1
praktikum/controllers/user-controller.go:80.55,81.38 1 1
praktikum/controllers/user-controller.go:81.38,85.38 2 1
praktikum/controllers/user-controller.go:85.38,87.4 1 1
praktikum/controllers/user-controller.go:89.3,95.14 4 1
praktikum/controllers/user-controller.go:95.14,97.4 1 1
praktikum/controllers/user-controller.go:99.3,99.72 1 1
praktikum/controllers/user-controller.go:103.57,104.38 1 1
praktikum/controllers/user-controller.go:104.38,108.38 2 1
praktikum/controllers/user-controller.go:108.38,110.4 1 1
praktikum/controllers/user-controller.go:112.3,114.14 2 1
praktikum/controllers/user-controller.go:114.14,116.4 1 1
praktikum/controllers/user-controller.go:118.3,118.72 1 1
praktikum/controllers/user-controller.go:122.52,123.36 1 0
praktikum/controllers/user-controller.go:123.36,129.20 4 0
praktikum/controllers/user-controller.go:129.20,131.4 1 0
praktikum/controllers/user-controller.go:133.3,135.17 2 0
praktikum/controllers/user-controller.go:135.17,137.4 1 0
praktikum/controllers/user-controller.go:139.3,144.5 2 0
