mode: set
praktikum/controllers/book-controller.go:24.64,28.2 1 1
praktikum/controllers/book-controller.go:30.55,31.38 1 1
praktikum/controllers/book-controller.go:31.38,38.3 2 1
praktikum/controllers/book-controller.go:41.57,42.38 1 1
praktikum/controllers/book-controller.go:42.38,49.20 4 1
praktikum/controllers/book-controller.go:49.20,51.4 1 1
praktikum/controllers/book-controller.go:53.3,57.5 1 1
praktikum/controllers/book-controller.go:61.54,62.38 1 1
praktikum/controllers/book-controller.go:62.38,66.40 2 1
praktikum/controllers/book-controller.go:66.40,68.4 1 1
praktikum/controllers/book-controller.go:70.3,74.5 1 1
praktikum/controllers/book-controller.go:78.55,79.38 1 0
praktikum/controllers/book-controller.go:79.38,82.38 2 0
praktikum/controllers/book-controller.go:82.38,84.4 1 0
praktikum/controllers/book-controller.go:86.3,92.14 4 0
praktikum/controllers/book-controller.go:92.14,94.4 1 0
praktikum/controllers/book-controller.go:96.3,96.72 1 0
praktikum/controllers/book-controller.go:100.57,101.38 1 0
praktikum/controllers/book-controller.go:101.38,104.38 2 0
praktikum/controllers/book-controller.go:104.38,106.4 1 0
praktikum/controllers/book-controller.go:108.3,110.14 2 0
praktikum/controllers/book-controller.go:110.14,112.4 1 0
praktikum/controllers/book-controller.go:114.3,114.72 1 0
praktikum/controllers/user-controller.go:26.64,30.2 1 0
praktikum/controllers/user-controller.go:32.55,33.36 1 0
praktikum/controllers/user-controller.go:33.36,36.19 2 0
praktikum/controllers/user-controller.go:36.19,38.4 1 0
praktikum/controllers/user-controller.go:40.3,43.5 1 0
praktikum/controllers/user-controller.go:47.57,48.38 1 0
praktikum/controllers/user-controller.go:48.38,55.20 4 0
praktikum/controllers/user-controller.go:55.20,57.4 1 0
praktikum/controllers/user-controller.go:59.3,62.5 1 0
praktikum/controllers/user-controller.go:66.54,67.38 1 0
praktikum/controllers/user-controller.go:67.38,71.38 2 0
praktikum/controllers/user-controller.go:71.38,73.4 1 0
praktikum/controllers/user-controller.go:75.3,78.5 1 0
praktikum/controllers/user-controller.go:82.55,83.38 1 0
praktikum/controllers/user-controller.go:83.38,87.38 2 0
praktikum/controllers/user-controller.go:87.38,89.4 1 0
praktikum/controllers/user-controller.go:91.3,97.14 4 0
praktikum/controllers/user-controller.go:97.14,99.4 1 0
praktikum/controllers/user-controller.go:101.3,101.72 1 0
praktikum/controllers/user-controller.go:105.57,106.38 1 0
praktikum/controllers/user-controller.go:106.38,110.38 2 0
praktikum/controllers/user-controller.go:110.38,112.4 1 0
praktikum/controllers/user-controller.go:114.3,116.14 2 0
praktikum/controllers/user-controller.go:116.14,118.4 1 0
praktikum/controllers/user-controller.go:120.3,120.72 1 0
praktikum/controllers/user-controller.go:124.52,125.36 1 0
praktikum/controllers/user-controller.go:125.36,131.20 4 0
praktikum/controllers/user-controller.go:131.20,133.4 1 0
praktikum/controllers/user-controller.go:135.3,137.17 2 0
praktikum/controllers/user-controller.go:137.17,139.4 1 0
praktikum/controllers/user-controller.go:141.3,146.5 2 0
