mode: set
clean_arch/features/user/handler/handler.go:10.58,11.36 1 1
clean_arch/features/user/handler/handler.go:11.36,15.19 2 1
clean_arch/features/user/handler/handler.go:15.19,17.4 1 1
clean_arch/features/user/handler/handler.go:19.3,19.54 1 1
clean_arch/features/user/handler/handler.go:23.57,26.36 2 1
clean_arch/features/user/handler/handler.go:26.36,27.44 1 1
clean_arch/features/user/handler/handler.go:27.44,29.4 1 1
clean_arch/features/user/handler/handler.go:31.3,33.18 2 1
clean_arch/features/user/handler/handler.go:33.18,35.4 1 1
clean_arch/features/user/handler/handler.go:37.3,37.53 1 1
clean_arch/features/user/handler/interface.go:18.44,22.2 1 1
